<?xml version="1.0" encoding="UTF-8"?>
<testng-results skipped="0" failed="0" total="1" passed="1">
  <reporter-output>
  </reporter-output>
  <suite name="Default suite" duration-ms="13023" started-at="2014-11-01T22:09:38Z" finished-at="2014-11-01T22:09:51Z">
    <groups>
    </groups>
    <test name="Default test" duration-ms="13023" started-at="2014-11-01T22:09:38Z" finished-at="2014-11-01T22:09:51Z">
      <class name="testcases.SearchDatabase">
        <test-method status="PASS" signature="setup()[pri:0, instance:testcases.SearchDatabase@7c2999bb]" name="setup" is-config="true" duration-ms="5606" started-at="2014-11-01T18:09:38Z" finished-at="2014-11-01T18:09:44Z">
          <reporter-output>
          </reporter-output>
        </test-method> <!-- setup -->
        <test-method status="PASS" signature="verifyModularAdd()[pri:0, instance:testcases.SearchDatabase@7c2999bb]" name="verifyModularAdd" duration-ms="7097" started-at="2014-11-01T18:09:44Z" finished-at="2014-11-01T18:09:51Z">
          <reporter-output>
          </reporter-output>
        </test-method> <!-- verifyModularAdd -->
        <test-method status="PASS" signature="tearDown()[pri:0, instance:testcases.SearchDatabase@7c2999bb]" name="tearDown" is-config="true" duration-ms="300" started-at="2014-11-01T18:09:51Z" finished-at="2014-11-01T18:09:51Z">
          <reporter-output>
          </reporter-output>
        </test-method> <!-- tearDown -->
      </class> <!-- testcases.SearchDatabase -->
    </test> <!-- Default test -->
  </suite> <!-- Default suite -->
</testng-results>
